00:00:00.003102 main     VirtualBox XPCOM Server 6.1.22 r144080 linux.amd64 (Jun 21 2021 10:09:41) release log
00:00:00.003106 main     Log opened 2021-07-19T20:39:43.508373000Z
00:00:00.003108 main     Build Type: release
00:00:00.003111 main     OS Product: Linux
00:00:00.003113 main     OS Release: 5.12.15-arch1-1
00:00:00.003115 main     OS Version: #1 SMP PREEMPT Wed, 07 Jul 2021 23:35:29 +0000
00:00:00.003142 main     DMI Product Name: 20L6S5M40L
00:00:00.003154 main     DMI Product Version: ThinkPad T480
00:00:00.003161 main     Firmware type: UEFI
00:00:00.004296 main     Secure Boot: Disabled
00:00:00.004359 main     Host RAM: 7828MB (7.6GB) total, 7486MB (7.3GB) available
00:00:00.004364 main     Executable: /usr/lib/virtualbox/VBoxSVC
00:00:00.004364 main     Process ID: 1281
00:00:00.004365 main     Package type: LINUX_64BITS_GENERIC (OSE)
00:00:00.007866 main     IPC socket path: /tmp/.vbox-silas-ipc/ipcd
00:00:00.125947 nspr-2   VirtualBox: object creation starts
00:00:00.126135 nspr-2   Home directory: '/home/silas/.config/VirtualBox'
00:00:00.127351 nspr-2   Loading settings file "/home/silas/.config/VirtualBox/VirtualBox.xml" with version "1.12-linux"
00:00:00.146777 nspr-2   NetIfAdpCtlOut: VBoxNetAdpCtl: Error while retrieving link speed for wlp3s0: VBoxNetAdpCtl: ioctl failed: Operation not supported
00:00:00.148804 nspr-2   HostDnsMonitor: initializing
00:00:00.149476 nspr-2   NAT: resolv.conf: nameserver 192.189.28.40
00:00:00.149510 nspr-2   NAT: resolv.conf: nameserver 216.193.190.40
00:00:00.149536 nspr-2   HostDnsMonitor: updating information
00:00:00.149572 nspr-2   HostDnsMonitor: old information
00:00:00.149581 nspr-2     no server entries
00:00:00.149589 nspr-2     no domain set
00:00:00.149596 nspr-2     no search string entries
00:00:00.149604 nspr-2   HostDnsMonitor: new information
00:00:00.149611 nspr-2     server 1: 192.189.28.40
00:00:00.149620 nspr-2     server 2: 216.193.190.40
00:00:00.149628 nspr-2     no domain set
00:00:00.149634 nspr-2     no search string entries
00:00:00.157637 nspr-2   VD: VDInit finished with VINF_SUCCESS
00:00:00.158213 nspr-2   ERROR [COM]: aRC=NS_ERROR_FAILURE (0x80004005) aIID={027bc463-929c-40e8-bf16-fea557cd8e7e} aComponent={SystemPropertiesWrap} aText={Cannot determine default Guest Additions ISO location. Most likely they are not available}, preserve=false aResultDetail=0
00:00:00.172139 nspr-2   Loading settings file "/home/silas/VirtualBox VMs/win 10/win 10.vbox" with version "1.15-linux"
00:00:00.174313 nspr-2   Loading settings file "/home/silas/VirtualBox VMs/linux/linux.vbox" with version "1.16-linux"
00:00:00.174560 nspr-2   ERROR [COM]: aRC=NS_ERROR_FAILURE (0x80004005) aIID={85632c68-b5bb-4316-a900-5eb28d3413df} aComponent={MachineWrap} aText={Machine UUID {02a7a947-c821-41b1-9c53-2e81cb17c935} in '/home/silas/VirtualBox VMs/linux/linux.vbox' doesn't match its UUID {dbbd085e-3840-44cf-817d-5888bf3d29c5} in the registry file '/home/silas/.config/VirtualBox/VirtualBox.xml'}, preserve=false aResultDetail=0
00:00:00.176138 nspr-2   Loading settings file "/home/silas/VirtualBox VMs/linux/linux.vbox" with version "1.16-linux"
00:00:00.177921 nspr-2   VirtualBox: object created
00:00:01.065639 nspr-4   Loading settings file "/home/silas/VirtualBox VMs/linux/linux.vbox" with version "1.16-linux"
00:00:01.065727 nspr-4   ERROR [COM]: aRC=NS_ERROR_FAILURE (0x80004005) aIID={85632c68-b5bb-4316-a900-5eb28d3413df} aComponent={MachineWrap} aText={Machine UUID {02a7a947-c821-41b1-9c53-2e81cb17c935} in '/home/silas/VirtualBox VMs/linux/linux.vbox' doesn't match its UUID {dbbd085e-3840-44cf-817d-5888bf3d29c5} in the registry file '/home/silas/.config/VirtualBox/VirtualBox.xml'}, preserve=false aResultDetail=0
00:00:01.066430 nspr-4   Loading settings file "/home/silas/VirtualBox VMs/linux/linux.vbox" with version "1.16-linux"
00:00:01.066498 nspr-4   ERROR [COM]: aRC=NS_ERROR_FAILURE (0x80004005) aIID={85632c68-b5bb-4316-a900-5eb28d3413df} aComponent={MachineWrap} aText={Machine UUID {02a7a947-c821-41b1-9c53-2e81cb17c935} in '/home/silas/VirtualBox VMs/linux/linux.vbox' doesn't match its UUID {dbbd085e-3840-44cf-817d-5888bf3d29c5} in the registry file '/home/silas/.config/VirtualBox/VirtualBox.xml'}, preserve=false aResultDetail=0
00:00:01.067541 nspr-4   Loading settings file "/home/silas/VirtualBox VMs/linux/linux.vbox" with version "1.16-linux"
00:00:01.067609 nspr-4   ERROR [COM]: aRC=NS_ERROR_FAILURE (0x80004005) aIID={85632c68-b5bb-4316-a900-5eb28d3413df} aComponent={MachineWrap} aText={Machine UUID {02a7a947-c821-41b1-9c53-2e81cb17c935} in '/home/silas/VirtualBox VMs/linux/linux.vbox' doesn't match its UUID {dbbd085e-3840-44cf-817d-5888bf3d29c5} in the registry file '/home/silas/.config/VirtualBox/VirtualBox.xml'}, preserve=false aResultDetail=0
00:00:01.084977 nspr-2   ERROR [COM]: aRC=E_ACCESSDENIED (0x80070005) aIID={85632c68-b5bb-4316-a900-5eb28d3413df} aComponent={MachineWrap} aText={The object functionality is limited}, preserve=false aResultDetail=0
00:00:01.198213 nspr-4   ERROR [COM]: aRC=E_ACCESSDENIED (0x80070005) aIID={85632c68-b5bb-4316-a900-5eb28d3413df} aComponent={MachineWrap} aText={The object functionality is limited}, preserve=false aResultDetail=0
00:00:01.205270 nspr-2   Loading settings file "/home/silas/VirtualBox VMs/linux/linux.vbox" with version "1.16-linux"
00:00:01.205382 nspr-2   ERROR [COM]: aRC=NS_ERROR_FAILURE (0x80004005) aIID={85632c68-b5bb-4316-a900-5eb28d3413df} aComponent={MachineWrap} aText={Machine UUID {02a7a947-c821-41b1-9c53-2e81cb17c935} in '/home/silas/VirtualBox VMs/linux/linux.vbox' doesn't match its UUID {dbbd085e-3840-44cf-817d-5888bf3d29c5} in the registry file '/home/silas/.config/VirtualBox/VirtualBox.xml'}, preserve=false aResultDetail=0
00:00:01.215860 nspr-4   Loading settings file "/home/silas/VirtualBox VMs/linux/linux.vbox" with version "1.16-linux"
00:00:01.215991 nspr-4   ERROR [COM]: aRC=NS_ERROR_FAILURE (0x80004005) aIID={85632c68-b5bb-4316-a900-5eb28d3413df} aComponent={MachineWrap} aText={Machine UUID {02a7a947-c821-41b1-9c53-2e81cb17c935} in '/home/silas/VirtualBox VMs/linux/linux.vbox' doesn't match its UUID {dbbd085e-3840-44cf-817d-5888bf3d29c5} in the registry file '/home/silas/.config/VirtualBox/VirtualBox.xml'}, preserve=false aResultDetail=0
00:00:01.529187 nspr-4   Loading settings file "/home/silas/VirtualBox VMs/linux/linux.vbox" with version "1.16-linux"
00:00:01.529270 nspr-4   ERROR [COM]: aRC=NS_ERROR_FAILURE (0x80004005) aIID={85632c68-b5bb-4316-a900-5eb28d3413df} aComponent={MachineWrap} aText={Machine UUID {02a7a947-c821-41b1-9c53-2e81cb17c935} in '/home/silas/VirtualBox VMs/linux/linux.vbox' doesn't match its UUID {dbbd085e-3840-44cf-817d-5888bf3d29c5} in the registry file '/home/silas/.config/VirtualBox/VirtualBox.xml'}, preserve=false aResultDetail=0
00:00:01.529721 nspr-3   ERROR [COM]: aRC=E_ACCESSDENIED (0x80070005) aIID={85632c68-b5bb-4316-a900-5eb28d3413df} aComponent={MachineWrap} aText={The object functionality is limited}, preserve=false aResultDetail=0
00:00:01.530683 nspr-4   ERROR [COM]: aRC=E_ACCESSDENIED (0x80070005) aIID={85632c68-b5bb-4316-a900-5eb28d3413df} aComponent={MachineWrap} aText={The object functionality is limited}, preserve=false aResultDetail=0
00:00:01.532199 nspr-3   ERROR [COM]: aRC=E_ACCESSDENIED (0x80070005) aIID={85632c68-b5bb-4316-a900-5eb28d3413df} aComponent={MachineWrap} aText={The object functionality is limited}, preserve=false aResultDetail=0
00:00:01.532987 nspr-3   ERROR [COM]: aRC=E_ACCESSDENIED (0x80070005) aIID={85632c68-b5bb-4316-a900-5eb28d3413df} aComponent={MachineWrap} aText={The object functionality is limited}, preserve=false aResultDetail=0
00:00:01.535711 nspr-3   Loading settings file "/home/silas/VirtualBox VMs/linux/linux.vbox" with version "1.16-linux"
00:00:01.535782 nspr-3   ERROR [COM]: aRC=NS_ERROR_FAILURE (0x80004005) aIID={85632c68-b5bb-4316-a900-5eb28d3413df} aComponent={MachineWrap} aText={Machine UUID {02a7a947-c821-41b1-9c53-2e81cb17c935} in '/home/silas/VirtualBox VMs/linux/linux.vbox' doesn't match its UUID {dbbd085e-3840-44cf-817d-5888bf3d29c5} in the registry file '/home/silas/.config/VirtualBox/VirtualBox.xml'}, preserve=false aResultDetail=0
00:00:01.537739 nspr-4   Loading settings file "/home/silas/VirtualBox VMs/linux/linux.vbox" with version "1.16-linux"
00:00:01.537810 nspr-4   ERROR [COM]: aRC=NS_ERROR_FAILURE (0x80004005) aIID={85632c68-b5bb-4316-a900-5eb28d3413df} aComponent={MachineWrap} aText={Machine UUID {02a7a947-c821-41b1-9c53-2e81cb17c935} in '/home/silas/VirtualBox VMs/linux/linux.vbox' doesn't match its UUID {dbbd085e-3840-44cf-817d-5888bf3d29c5} in the registry file '/home/silas/.config/VirtualBox/VirtualBox.xml'}, preserve=false aResultDetail=0
00:00:01.539913 nspr-3   Loading settings file "/home/silas/VirtualBox VMs/linux/linux.vbox" with version "1.16-linux"
00:00:01.539995 nspr-3   ERROR [COM]: aRC=NS_ERROR_FAILURE (0x80004005) aIID={85632c68-b5bb-4316-a900-5eb28d3413df} aComponent={MachineWrap} aText={Machine UUID {02a7a947-c821-41b1-9c53-2e81cb17c935} in '/home/silas/VirtualBox VMs/linux/linux.vbox' doesn't match its UUID {dbbd085e-3840-44cf-817d-5888bf3d29c5} in the registry file '/home/silas/.config/VirtualBox/VirtualBox.xml'}, preserve=false aResultDetail=0
00:00:01.541862 nspr-4   Loading settings file "/home/silas/VirtualBox VMs/linux/linux.vbox" with version "1.16-linux"
00:00:01.541939 nspr-4   ERROR [COM]: aRC=NS_ERROR_FAILURE (0x80004005) aIID={85632c68-b5bb-4316-a900-5eb28d3413df} aComponent={MachineWrap} aText={Machine UUID {02a7a947-c821-41b1-9c53-2e81cb17c935} in '/home/silas/VirtualBox VMs/linux/linux.vbox' doesn't match its UUID {dbbd085e-3840-44cf-817d-5888bf3d29c5} in the registry file '/home/silas/.config/VirtualBox/VirtualBox.xml'}, preserve=false aResultDetail=0
00:00:01.545870 nspr-3   Loading settings file "/home/silas/VirtualBox VMs/linux/linux.vbox" with version "1.16-linux"
00:00:01.545950 nspr-3   ERROR [COM]: aRC=NS_ERROR_FAILURE (0x80004005) aIID={85632c68-b5bb-4316-a900-5eb28d3413df} aComponent={MachineWrap} aText={Machine UUID {02a7a947-c821-41b1-9c53-2e81cb17c935} in '/home/silas/VirtualBox VMs/linux/linux.vbox' doesn't match its UUID {dbbd085e-3840-44cf-817d-5888bf3d29c5} in the registry file '/home/silas/.config/VirtualBox/VirtualBox.xml'}, preserve=false aResultDetail=0
00:00:01.548902 nspr-4   Loading settings file "/home/silas/VirtualBox VMs/linux/linux.vbox" with version "1.16-linux"
00:00:01.548979 nspr-4   ERROR [COM]: aRC=NS_ERROR_FAILURE (0x80004005) aIID={85632c68-b5bb-4316-a900-5eb28d3413df} aComponent={MachineWrap} aText={Machine UUID {02a7a947-c821-41b1-9c53-2e81cb17c935} in '/home/silas/VirtualBox VMs/linux/linux.vbox' doesn't match its UUID {dbbd085e-3840-44cf-817d-5888bf3d29c5} in the registry file '/home/silas/.config/VirtualBox/VirtualBox.xml'}, preserve=false aResultDetail=0
00:00:13.056818 nspr-3   Loading settings file "/home/silas/VirtualBox VMs/linux/linux.vbox" with version "1.16-linux"
00:00:13.057057 nspr-3   ERROR [COM]: aRC=NS_ERROR_FAILURE (0x80004005) aIID={85632c68-b5bb-4316-a900-5eb28d3413df} aComponent={MachineWrap} aText={Machine UUID {02a7a947-c821-41b1-9c53-2e81cb17c935} in '/home/silas/VirtualBox VMs/linux/linux.vbox' doesn't match its UUID {dbbd085e-3840-44cf-817d-5888bf3d29c5} in the registry file '/home/silas/.config/VirtualBox/VirtualBox.xml'}, preserve=false aResultDetail=0
00:00:15.265741 nspr-3   Loading settings file "/home/silas/VirtualBox VMs/linux/linux.vbox" with version "1.16-linux"
00:00:15.265968 nspr-3   ERROR [COM]: aRC=NS_ERROR_FAILURE (0x80004005) aIID={85632c68-b5bb-4316-a900-5eb28d3413df} aComponent={MachineWrap} aText={Machine UUID {02a7a947-c821-41b1-9c53-2e81cb17c935} in '/home/silas/VirtualBox VMs/linux/linux.vbox' doesn't match its UUID {dbbd085e-3840-44cf-817d-5888bf3d29c5} in the registry file '/home/silas/.config/VirtualBox/VirtualBox.xml'}, preserve=false aResultDetail=0
00:00:58.590998 nspr-2   WARNING [COM]: aRC=NS_ERROR_FAILURE (0x80004005) aIID={16ced992-5fdc-4aba-aff5-6a39bbd7c38b} aComponent={HostWrap} aText={VirtualBox is not currently allowed to access USB devices.  You can change this by adding your user to the 'vboxusers' group.  Please see the user manual for a more detailed explanation}, preserve=true  aResultDetail=0
00:00:58.782863 nspr-2   WARNING [COM]: aRC=NS_ERROR_FAILURE (0x80004005) aIID={16ced992-5fdc-4aba-aff5-6a39bbd7c38b} aComponent={HostWrap} aText={VirtualBox is not currently allowed to access USB devices.  You can change this by adding your user to the 'vboxusers' group.  Please see the user manual for a more detailed explanation}, preserve=true  aResultDetail=0
00:00:58.784039 nspr-2   WARNING [COM]: aRC=NS_ERROR_FAILURE (0x80004005) aIID={16ced992-5fdc-4aba-aff5-6a39bbd7c38b} aComponent={HostWrap} aText={VirtualBox is not currently allowed to access USB devices.  You can change this by adding your user to the 'vboxusers' group.  Please see the user manual for a more detailed explanation}, preserve=true  aResultDetail=0
00:01:00.708143 nspr-2   Launched VM: 872420448 pid: 1442 (0x5a2) frontend: GUI/Qt name: linux
00:01:00.869361 nspr-2   WARNING [COM]: aRC=NS_ERROR_FAILURE (0x80004005) aIID={16ced992-5fdc-4aba-aff5-6a39bbd7c38b} aComponent={HostWrap} aText={VirtualBox is not currently allowed to access USB devices.  You can change this by adding your user to the 'vboxusers' group.  Please see the user manual for a more detailed explanation}, preserve=true  aResultDetail=0
00:01:00.871025 nspr-2   WARNING [COM]: aRC=NS_ERROR_FAILURE (0x80004005) aIID={16ced992-5fdc-4aba-aff5-6a39bbd7c38b} aComponent={HostWrap} aText={VirtualBox is not currently allowed to access USB devices.  You can change this by adding your user to the 'vboxusers' group.  Please see the user manual for a more detailed explanation}, preserve=true  aResultDetail=0
00:01:01.163003 nspr-6   WARNING [COM]: aRC=NS_ERROR_FAILURE (0x80004005) aIID={16ced992-5fdc-4aba-aff5-6a39bbd7c38b} aComponent={HostWrap} aText={VirtualBox is not currently allowed to access USB devices.  You can change this by adding your user to the 'vboxusers' group.  Please see the user manual for a more detailed explanation}, preserve=true  aResultDetail=0
00:01:01.168295 nspr-6   WARNING [COM]: aRC=NS_ERROR_FAILURE (0x80004005) aIID={16ced992-5fdc-4aba-aff5-6a39bbd7c38b} aComponent={HostWrap} aText={VirtualBox is not currently allowed to access USB devices.  You can change this by adding your user to the 'vboxusers' group.  Please see the user manual for a more detailed explanation}, preserve=true  aResultDetail=0
00:01:01.963289 nspr-5   WARNING [COM]: aRC=NS_ERROR_FAILURE (0x80004005) aIID={16ced992-5fdc-4aba-aff5-6a39bbd7c38b} aComponent={HostWrap} aText={VirtualBox is not currently allowed to access USB devices.  You can change this by adding your user to the 'vboxusers' group.  Please see the user manual for a more detailed explanation}, preserve=true  aResultDetail=0
00:01:01.964297 nspr-6   WARNING [COM]: aRC=NS_ERROR_FAILURE (0x80004005) aIID={16ced992-5fdc-4aba-aff5-6a39bbd7c38b} aComponent={HostWrap} aText={VirtualBox is not currently allowed to access USB devices.  You can change this by adding your user to the 'vboxusers' group.  Please see the user manual for a more detailed explanation}, preserve=true  aResultDetail=0
00:01:01.964606 nspr-6   ERROR [COM]: aRC=VBOX_E_OBJECT_NOT_FOUND (0x80bb0001) aIID={70401eef-c8e9-466b-9660-45cb3e9979e4} aComponent={ExtPackManagerWrap} aText={No extension pack by the name 'Oracle VM VirtualBox Extension Pack' was found}, preserve=false aResultDetail=0
00:01:02.022116 nspr-3   WARNING [COM]: aRC=NS_ERROR_FAILURE (0x80004005) aIID={16ced992-5fdc-4aba-aff5-6a39bbd7c38b} aComponent={HostWrap} aText={VirtualBox is not currently allowed to access USB devices.  You can change this by adding your user to the 'vboxusers' group.  Please see the user manual for a more detailed explanation}, preserve=true  aResultDetail=0
00:01:02.023421 nspr-6   WARNING [COM]: aRC=NS_ERROR_FAILURE (0x80004005) aIID={16ced992-5fdc-4aba-aff5-6a39bbd7c38b} aComponent={HostWrap} aText={VirtualBox is not currently allowed to access USB devices.  You can change this by adding your user to the 'vboxusers' group.  Please see the user manual for a more detailed explanation}, preserve=true  aResultDetail=0
00:01:02.051213 nspr-3   ERROR [COM]: aRC=VBOX_E_IPRT_ERROR (0x80bb0005) aIID={85632c68-b5bb-4316-a900-5eb28d3413df} aComponent={SessionMachine} aText={Saved screenshot data is not available (VERR_NOT_SUPPORTED)}, preserve=false aResultDetail=-37
00:01:02.068837 nspr-6   NetIfAdpCtlOut: VBoxNetAdpCtl: Error while retrieving link speed for wlp3s0: VBoxNetAdpCtl: ioctl failed: Operation not supported
00:01:02.177187 nspr-3   WARNING [COM]: aRC=NS_ERROR_FAILURE (0x80004005) aIID={16ced992-5fdc-4aba-aff5-6a39bbd7c38b} aComponent={HostWrap} aText={VirtualBox is not currently allowed to access USB devices.  You can change this by adding your user to the 'vboxusers' group.  Please see the user manual for a more detailed explanation}, preserve=true  aResultDetail=0
00:01:02.275078 nspr-6   WARNING [COM]: aRC=NS_ERROR_FAILURE (0x80004005) aIID={16ced992-5fdc-4aba-aff5-6a39bbd7c38b} aComponent={HostWrap} aText={VirtualBox is not currently allowed to access USB devices.  You can change this by adding your user to the 'vboxusers' group.  Please see the user manual for a more detailed explanation}, preserve=true  aResultDetail=0
00:01:02.279152 nspr-6   WARNING [COM]: aRC=NS_ERROR_FAILURE (0x80004005) aIID={16ced992-5fdc-4aba-aff5-6a39bbd7c38b} aComponent={HostWrap} aText={VirtualBox is not currently allowed to access USB devices.  You can change this by adding your user to the 'vboxusers' group.  Please see the user manual for a more detailed explanation}, preserve=true  aResultDetail=0
00:01:03.377246 nspr-8   WARNING [COM]: aRC=NS_ERROR_FAILURE (0x80004005) aIID={16ced992-5fdc-4aba-aff5-6a39bbd7c38b} aComponent={HostWrap} aText={VirtualBox is not currently allowed to access USB devices.  You can change this by adding your user to the 'vboxusers' group.  Please see the user manual for a more detailed explanation}, preserve=true  aResultDetail=0
00:01:03.384176 nspr-8   WARNING [COM]: aRC=NS_ERROR_FAILURE (0x80004005) aIID={16ced992-5fdc-4aba-aff5-6a39bbd7c38b} aComponent={HostWrap} aText={VirtualBox is not currently allowed to access USB devices.  You can change this by adding your user to the 'vboxusers' group.  Please see the user manual for a more detailed explanation}, preserve=true  aResultDetail=0
00:04:15.605029 nspr-3   ERROR [COM]: aRC=E_ACCESSDENIED (0x80070005) aIID={85632c68-b5bb-4316-a900-5eb28d3413df} aComponent={MachineWrap} aText={The object functionality is limited}, preserve=false aResultDetail=0
00:04:15.610597 nspr-7   Loading settings file "/home/silas/VirtualBox VMs/linux/linux.vbox" with version "1.16-linux"
00:04:15.610698 nspr-7   ERROR [COM]: aRC=NS_ERROR_FAILURE (0x80004005) aIID={85632c68-b5bb-4316-a900-5eb28d3413df} aComponent={MachineWrap} aText={Machine UUID {02a7a947-c821-41b1-9c53-2e81cb17c935} in '/home/silas/VirtualBox VMs/linux/linux.vbox' doesn't match its UUID {dbbd085e-3840-44cf-817d-5888bf3d29c5} in the registry file '/home/silas/.config/VirtualBox/VirtualBox.xml'}, preserve=false aResultDetail=0
00:04:15.613170 nspr-3   Loading settings file "/home/silas/VirtualBox VMs/linux/linux.vbox" with version "1.16-linux"
00:04:15.613258 nspr-3   ERROR [COM]: aRC=NS_ERROR_FAILURE (0x80004005) aIID={85632c68-b5bb-4316-a900-5eb28d3413df} aComponent={MachineWrap} aText={Machine UUID {02a7a947-c821-41b1-9c53-2e81cb17c935} in '/home/silas/VirtualBox VMs/linux/linux.vbox' doesn't match its UUID {dbbd085e-3840-44cf-817d-5888bf3d29c5} in the registry file '/home/silas/.config/VirtualBox/VirtualBox.xml'}, preserve=false aResultDetail=0
00:04:15.614328 nspr-4   Loading settings file "/home/silas/VirtualBox VMs/linux/linux.vbox" with version "1.16-linux"
00:04:15.614449 nspr-4   ERROR [COM]: aRC=NS_ERROR_FAILURE (0x80004005) aIID={85632c68-b5bb-4316-a900-5eb28d3413df} aComponent={MachineWrap} aText={Machine UUID {02a7a947-c821-41b1-9c53-2e81cb17c935} in '/home/silas/VirtualBox VMs/linux/linux.vbox' doesn't match its UUID {dbbd085e-3840-44cf-817d-5888bf3d29c5} in the registry file '/home/silas/.config/VirtualBox/VirtualBox.xml'}, preserve=false aResultDetail=0
00:04:15.615010 nspr-6   ERROR [COM]: aRC=E_ACCESSDENIED (0x80070005) aIID={85632c68-b5bb-4316-a900-5eb28d3413df} aComponent={MachineWrap} aText={The object functionality is limited}, preserve=false aResultDetail=0
00:04:15.617063 nspr-4   ERROR [COM]: aRC=E_ACCESSDENIED (0x80070005) aIID={85632c68-b5bb-4316-a900-5eb28d3413df} aComponent={MachineWrap} aText={The object functionality is limited}, preserve=false aResultDetail=0
00:04:15.619787 nspr-3   Loading settings file "/home/silas/VirtualBox VMs/linux/linux.vbox" with version "1.16-linux"
00:04:15.619875 nspr-3   ERROR [COM]: aRC=NS_ERROR_FAILURE (0x80004005) aIID={85632c68-b5bb-4316-a900-5eb28d3413df} aComponent={MachineWrap} aText={Machine UUID {02a7a947-c821-41b1-9c53-2e81cb17c935} in '/home/silas/VirtualBox VMs/linux/linux.vbox' doesn't match its UUID {dbbd085e-3840-44cf-817d-5888bf3d29c5} in the registry file '/home/silas/.config/VirtualBox/VirtualBox.xml'}, preserve=false aResultDetail=0
00:04:15.622528 nspr-4   Loading settings file "/home/silas/VirtualBox VMs/linux/linux.vbox" with version "1.16-linux"
00:04:15.622610 nspr-4   ERROR [COM]: aRC=NS_ERROR_FAILURE (0x80004005) aIID={85632c68-b5bb-4316-a900-5eb28d3413df} aComponent={MachineWrap} aText={Machine UUID {02a7a947-c821-41b1-9c53-2e81cb17c935} in '/home/silas/VirtualBox VMs/linux/linux.vbox' doesn't match its UUID {dbbd085e-3840-44cf-817d-5888bf3d29c5} in the registry file '/home/silas/.config/VirtualBox/VirtualBox.xml'}, preserve=false aResultDetail=0
00:04:15.624232 nspr-6   Loading settings file "/home/silas/VirtualBox VMs/linux/linux.vbox" with version "1.16-linux"
00:04:15.624310 nspr-6   ERROR [COM]: aRC=NS_ERROR_FAILURE (0x80004005) aIID={85632c68-b5bb-4316-a900-5eb28d3413df} aComponent={MachineWrap} aText={Machine UUID {02a7a947-c821-41b1-9c53-2e81cb17c935} in '/home/silas/VirtualBox VMs/linux/linux.vbox' doesn't match its UUID {dbbd085e-3840-44cf-817d-5888bf3d29c5} in the registry file '/home/silas/.config/VirtualBox/VirtualBox.xml'}, preserve=false aResultDetail=0
00:04:15.625791 nspr-8   Loading settings file "/home/silas/VirtualBox VMs/linux/linux.vbox" with version "1.16-linux"
00:04:15.625881 nspr-8   ERROR [COM]: aRC=NS_ERROR_FAILURE (0x80004005) aIID={85632c68-b5bb-4316-a900-5eb28d3413df} aComponent={MachineWrap} aText={Machine UUID {02a7a947-c821-41b1-9c53-2e81cb17c935} in '/home/silas/VirtualBox VMs/linux/linux.vbox' doesn't match its UUID {dbbd085e-3840-44cf-817d-5888bf3d29c5} in the registry file '/home/silas/.config/VirtualBox/VirtualBox.xml'}, preserve=false aResultDetail=0
00:04:15.627870 nspr-7   Loading settings file "/home/silas/VirtualBox VMs/linux/linux.vbox" with version "1.16-linux"
00:04:15.627983 nspr-7   ERROR [COM]: aRC=NS_ERROR_FAILURE (0x80004005) aIID={85632c68-b5bb-4316-a900-5eb28d3413df} aComponent={MachineWrap} aText={Machine UUID {02a7a947-c821-41b1-9c53-2e81cb17c935} in '/home/silas/VirtualBox VMs/linux/linux.vbox' doesn't match its UUID {dbbd085e-3840-44cf-817d-5888bf3d29c5} in the registry file '/home/silas/.config/VirtualBox/VirtualBox.xml'}, preserve=false aResultDetail=0
00:04:15.629215 nspr-3   Loading settings file "/home/silas/VirtualBox VMs/linux/linux.vbox" with version "1.16-linux"
00:04:15.629301 nspr-3   ERROR [COM]: aRC=NS_ERROR_FAILURE (0x80004005) aIID={85632c68-b5bb-4316-a900-5eb28d3413df} aComponent={MachineWrap} aText={Machine UUID {02a7a947-c821-41b1-9c53-2e81cb17c935} in '/home/silas/VirtualBox VMs/linux/linux.vbox' doesn't match its UUID {dbbd085e-3840-44cf-817d-5888bf3d29c5} in the registry file '/home/silas/.config/VirtualBox/VirtualBox.xml'}, preserve=false aResultDetail=0
00:04:20.188566 nspr-5   Loading settings file "/home/silas/VirtualBox VMs/linux/linux.vbox" with version "1.16-linux"
00:04:20.188651 nspr-5   ERROR [COM]: aRC=NS_ERROR_FAILURE (0x80004005) aIID={85632c68-b5bb-4316-a900-5eb28d3413df} aComponent={MachineWrap} aText={Machine UUID {02a7a947-c821-41b1-9c53-2e81cb17c935} in '/home/silas/VirtualBox VMs/linux/linux.vbox' doesn't match its UUID {dbbd085e-3840-44cf-817d-5888bf3d29c5} in the registry file '/home/silas/.config/VirtualBox/VirtualBox.xml'}, preserve=false aResultDetail=0
00:04:22.358362 nspr-7   Saving settings file "/home/silas/.config/VirtualBox/VirtualBox.xml" with version "1.12-linux"
00:04:22.370901 nspr-5   WARNING [COM]: aRC=NS_ERROR_FAILURE (0x80004005) aIID={16ced992-5fdc-4aba-aff5-6a39bbd7c38b} aComponent={HostWrap} aText={VirtualBox is not currently allowed to access USB devices.  You can change this by adding your user to the 'vboxusers' group.  Please see the user manual for a more detailed explanation}, preserve=true  aResultDetail=0
00:04:22.378911 nspr-5   WARNING [COM]: aRC=NS_ERROR_FAILURE (0x80004005) aIID={16ced992-5fdc-4aba-aff5-6a39bbd7c38b} aComponent={HostWrap} aText={VirtualBox is not currently allowed to access USB devices.  You can change this by adding your user to the 'vboxusers' group.  Please see the user manual for a more detailed explanation}, preserve=true  aResultDetail=0
00:04:22.438917 nspr-5   WARNING [COM]: aRC=NS_ERROR_FAILURE (0x80004005) aIID={16ced992-5fdc-4aba-aff5-6a39bbd7c38b} aComponent={HostWrap} aText={VirtualBox is not currently allowed to access USB devices.  You can change this by adding your user to the 'vboxusers' group.  Please see the user manual for a more detailed explanation}, preserve=true  aResultDetail=0
00:04:22.440334 nspr-5   WARNING [COM]: aRC=NS_ERROR_FAILURE (0x80004005) aIID={16ced992-5fdc-4aba-aff5-6a39bbd7c38b} aComponent={HostWrap} aText={VirtualBox is not currently allowed to access USB devices.  You can change this by adding your user to the 'vboxusers' group.  Please see the user manual for a more detailed explanation}, preserve=true  aResultDetail=0
00:04:49.894166 createBase Saving settings file "/home/silas/.config/VirtualBox/VirtualBox.xml" with version "1.12-linux"
00:04:50.421358 nspr-5   Saving settings file "/home/silas/VirtualBox VMs/arch/arch.vbox" with version "1.16-linux"
00:04:50.433712 nspr-8   WARNING [COM]: aRC=NS_ERROR_FAILURE (0x80004005) aIID={16ced992-5fdc-4aba-aff5-6a39bbd7c38b} aComponent={HostWrap} aText={VirtualBox is not currently allowed to access USB devices.  You can change this by adding your user to the 'vboxusers' group.  Please see the user manual for a more detailed explanation}, preserve=true  aResultDetail=0
00:04:50.435162 nspr-6   Saving settings file "/home/silas/VirtualBox VMs/arch/arch.vbox" with version "1.16-linux"
00:04:50.445778 nspr-6   Saving settings file "/home/silas/.config/VirtualBox/VirtualBox.xml" with version "1.12-linux"
00:04:50.461945 nspr-6   Saving settings file "/home/silas/.config/VirtualBox/VirtualBox.xml" with version "1.12-linux"
00:04:50.474732 nspr-2   Saving settings file "/home/silas/VirtualBox VMs/arch/arch.vbox" with version "1.16-linux"
00:04:50.536182 nspr-7   WARNING [COM]: aRC=NS_ERROR_FAILURE (0x80004005) aIID={16ced992-5fdc-4aba-aff5-6a39bbd7c38b} aComponent={HostWrap} aText={VirtualBox is not currently allowed to access USB devices.  You can change this by adding your user to the 'vboxusers' group.  Please see the user manual for a more detailed explanation}, preserve=true  aResultDetail=0
00:04:50.566137 nspr-5   WARNING [COM]: aRC=NS_ERROR_FAILURE (0x80004005) aIID={16ced992-5fdc-4aba-aff5-6a39bbd7c38b} aComponent={HostWrap} aText={VirtualBox is not currently allowed to access USB devices.  You can change this by adding your user to the 'vboxusers' group.  Please see the user manual for a more detailed explanation}, preserve=true  aResultDetail=0
00:04:50.567165 nspr-5   WARNING [COM]: aRC=NS_ERROR_FAILURE (0x80004005) aIID={16ced992-5fdc-4aba-aff5-6a39bbd7c38b} aComponent={HostWrap} aText={VirtualBox is not currently allowed to access USB devices.  You can change this by adding your user to the 'vboxusers' group.  Please see the user manual for a more detailed explanation}, preserve=true  aResultDetail=0
00:05:10.033195 nspr-2   WARNING [COM]: aRC=NS_ERROR_FAILURE (0x80004005) aIID={16ced992-5fdc-4aba-aff5-6a39bbd7c38b} aComponent={HostWrap} aText={VirtualBox is not currently allowed to access USB devices.  You can change this by adding your user to the 'vboxusers' group.  Please see the user manual for a more detailed explanation}, preserve=true  aResultDetail=0
00:05:10.948609 nspr-6   NetIfAdpCtlOut: VBoxNetAdpCtl: Error while retrieving link speed for wlp3s0: VBoxNetAdpCtl: ioctl failed: Operation not supported
00:05:10.956970 nspr-6   NetIfAdpCtlOut: VBoxNetAdpCtl: Error while retrieving link speed for wlp3s0: VBoxNetAdpCtl: ioctl failed: Operation not supported
00:05:10.969732 nspr-8   WARNING [COM]: aRC=NS_ERROR_FAILURE (0x80004005) aIID={16ced992-5fdc-4aba-aff5-6a39bbd7c38b} aComponent={HostWrap} aText={VirtualBox is not currently allowed to access USB devices.  You can change this by adding your user to the 'vboxusers' group.  Please see the user manual for a more detailed explanation}, preserve=true  aResultDetail=0
00:05:10.970345 nspr-4   WARNING [COM]: aRC=NS_ERROR_FAILURE (0x80004005) aIID={16ced992-5fdc-4aba-aff5-6a39bbd7c38b} aComponent={HostWrap} aText={VirtualBox is not currently allowed to access USB devices.  You can change this by adding your user to the 'vboxusers' group.  Please see the user manual for a more detailed explanation}, preserve=true  aResultDetail=0
00:05:11.110696 nspr-2   WARNING [COM]: aRC=NS_ERROR_FAILURE (0x80004005) aIID={16ced992-5fdc-4aba-aff5-6a39bbd7c38b} aComponent={HostWrap} aText={VirtualBox is not currently allowed to access USB devices.  You can change this by adding your user to the 'vboxusers' group.  Please see the user manual for a more detailed explanation}, preserve=true  aResultDetail=0
00:05:11.112055 nspr-2   WARNING [COM]: aRC=NS_ERROR_FAILURE (0x80004005) aIID={16ced992-5fdc-4aba-aff5-6a39bbd7c38b} aComponent={HostWrap} aText={VirtualBox is not currently allowed to access USB devices.  You can change this by adding your user to the 'vboxusers' group.  Please see the user manual for a more detailed explanation}, preserve=true  aResultDetail=0
00:08:40.989053 nspr-6   Saving settings file "/home/silas/VirtualBox VMs/linux/linux.vbox" with version "1.16-linux"
00:08:41.182380 nspr-8   Saving settings file "/home/silas/VirtualBox VMs/linux/linux.vbox" with version "1.16-linux"
00:08:41.920458 nspr-4   Saving settings file "/home/silas/VirtualBox VMs/linux/linux.vbox" with version "1.16-linux"
00:09:46.638246 nspr-5   WARNING [COM]: aRC=NS_ERROR_FAILURE (0x80004005) aIID={16ced992-5fdc-4aba-aff5-6a39bbd7c38b} aComponent={HostWrap} aText={VirtualBox is not currently allowed to access USB devices.  You can change this by adding your user to the 'vboxusers' group.  Please see the user manual for a more detailed explanation}, preserve=true  aResultDetail=0
00:09:46.746276 nspr-4   WARNING [COM]: aRC=NS_ERROR_FAILURE (0x80004005) aIID={16ced992-5fdc-4aba-aff5-6a39bbd7c38b} aComponent={HostWrap} aText={VirtualBox is not currently allowed to access USB devices.  You can change this by adding your user to the 'vboxusers' group.  Please see the user manual for a more detailed explanation}, preserve=true  aResultDetail=0
00:09:46.750359 nspr-2   WARNING [COM]: aRC=NS_ERROR_FAILURE (0x80004005) aIID={16ced992-5fdc-4aba-aff5-6a39bbd7c38b} aComponent={HostWrap} aText={VirtualBox is not currently allowed to access USB devices.  You can change this by adding your user to the 'vboxusers' group.  Please see the user manual for a more detailed explanation}, preserve=true  aResultDetail=0
00:11:44.491948 nspr-7   Launched VM: 872438736 pid: 2828 (0xb0c) frontend: GUI/Qt name: linux
00:11:44.667717 nspr-8   WARNING [COM]: aRC=NS_ERROR_FAILURE (0x80004005) aIID={16ced992-5fdc-4aba-aff5-6a39bbd7c38b} aComponent={HostWrap} aText={VirtualBox is not currently allowed to access USB devices.  You can change this by adding your user to the 'vboxusers' group.  Please see the user manual for a more detailed explanation}, preserve=true  aResultDetail=0
00:11:44.670965 nspr-8   WARNING [COM]: aRC=NS_ERROR_FAILURE (0x80004005) aIID={16ced992-5fdc-4aba-aff5-6a39bbd7c38b} aComponent={HostWrap} aText={VirtualBox is not currently allowed to access USB devices.  You can change this by adding your user to the 'vboxusers' group.  Please see the user manual for a more detailed explanation}, preserve=true  aResultDetail=0
00:11:44.991219 nspr-8   WARNING [COM]: aRC=NS_ERROR_FAILURE (0x80004005) aIID={16ced992-5fdc-4aba-aff5-6a39bbd7c38b} aComponent={HostWrap} aText={VirtualBox is not currently allowed to access USB devices.  You can change this by adding your user to the 'vboxusers' group.  Please see the user manual for a more detailed explanation}, preserve=true  aResultDetail=0
00:11:44.993808 nspr-2   WARNING [COM]: aRC=NS_ERROR_FAILURE (0x80004005) aIID={16ced992-5fdc-4aba-aff5-6a39bbd7c38b} aComponent={HostWrap} aText={VirtualBox is not currently allowed to access USB devices.  You can change this by adding your user to the 'vboxusers' group.  Please see the user manual for a more detailed explanation}, preserve=true  aResultDetail=0
00:11:45.784116 nspr-4   WARNING [COM]: aRC=NS_ERROR_FAILURE (0x80004005) aIID={16ced992-5fdc-4aba-aff5-6a39bbd7c38b} aComponent={HostWrap} aText={VirtualBox is not currently allowed to access USB devices.  You can change this by adding your user to the 'vboxusers' group.  Please see the user manual for a more detailed explanation}, preserve=true  aResultDetail=0
00:11:45.785516 nspr-5   WARNING [COM]: aRC=NS_ERROR_FAILURE (0x80004005) aIID={16ced992-5fdc-4aba-aff5-6a39bbd7c38b} aComponent={HostWrap} aText={VirtualBox is not currently allowed to access USB devices.  You can change this by adding your user to the 'vboxusers' group.  Please see the user manual for a more detailed explanation}, preserve=true  aResultDetail=0
00:11:45.785842 nspr-5   ERROR [COM]: aRC=VBOX_E_OBJECT_NOT_FOUND (0x80bb0001) aIID={70401eef-c8e9-466b-9660-45cb3e9979e4} aComponent={ExtPackManagerWrap} aText={No extension pack by the name 'Oracle VM VirtualBox Extension Pack' was found}, preserve=false aResultDetail=0
00:11:45.840940 nspr-7   WARNING [COM]: aRC=NS_ERROR_FAILURE (0x80004005) aIID={16ced992-5fdc-4aba-aff5-6a39bbd7c38b} aComponent={HostWrap} aText={VirtualBox is not currently allowed to access USB devices.  You can change this by adding your user to the 'vboxusers' group.  Please see the user manual for a more detailed explanation}, preserve=true  aResultDetail=0
00:11:45.842809 nspr-5   WARNING [COM]: aRC=NS_ERROR_FAILURE (0x80004005) aIID={16ced992-5fdc-4aba-aff5-6a39bbd7c38b} aComponent={HostWrap} aText={VirtualBox is not currently allowed to access USB devices.  You can change this by adding your user to the 'vboxusers' group.  Please see the user manual for a more detailed explanation}, preserve=true  aResultDetail=0
00:11:45.873137 nspr-5   ERROR [COM]: aRC=VBOX_E_IPRT_ERROR (0x80bb0005) aIID={85632c68-b5bb-4316-a900-5eb28d3413df} aComponent={SessionMachine} aText={Saved screenshot data is not available (VERR_NOT_SUPPORTED)}, preserve=false aResultDetail=-37
00:11:45.911151 nspr-7   NetIfAdpCtlOut: VBoxNetAdpCtl: Error while retrieving link speed for wlp3s0: VBoxNetAdpCtl: ioctl failed: Operation not supported
00:11:46.068619 nspr-2   WARNING [COM]: aRC=NS_ERROR_FAILURE (0x80004005) aIID={16ced992-5fdc-4aba-aff5-6a39bbd7c38b} aComponent={HostWrap} aText={VirtualBox is not currently allowed to access USB devices.  You can change this by adding your user to the 'vboxusers' group.  Please see the user manual for a more detailed explanation}, preserve=true  aResultDetail=0
00:11:46.172057 nspr-6   WARNING [COM]: aRC=NS_ERROR_FAILURE (0x80004005) aIID={16ced992-5fdc-4aba-aff5-6a39bbd7c38b} aComponent={HostWrap} aText={VirtualBox is not currently allowed to access USB devices.  You can change this by adding your user to the 'vboxusers' group.  Please see the user manual for a more detailed explanation}, preserve=true  aResultDetail=0
00:11:46.176514 nspr-2   WARNING [COM]: aRC=NS_ERROR_FAILURE (0x80004005) aIID={16ced992-5fdc-4aba-aff5-6a39bbd7c38b} aComponent={HostWrap} aText={VirtualBox is not currently allowed to access USB devices.  You can change this by adding your user to the 'vboxusers' group.  Please see the user manual for a more detailed explanation}, preserve=true  aResultDetail=0
00:11:47.198783 nspr-5   WARNING [COM]: aRC=NS_ERROR_FAILURE (0x80004005) aIID={16ced992-5fdc-4aba-aff5-6a39bbd7c38b} aComponent={HostWrap} aText={VirtualBox is not currently allowed to access USB devices.  You can change this by adding your user to the 'vboxusers' group.  Please see the user manual for a more detailed explanation}, preserve=true  aResultDetail=0
00:11:47.203415 nspr-5   WARNING [COM]: aRC=NS_ERROR_FAILURE (0x80004005) aIID={16ced992-5fdc-4aba-aff5-6a39bbd7c38b} aComponent={HostWrap} aText={VirtualBox is not currently allowed to access USB devices.  You can change this by adding your user to the 'vboxusers' group.  Please see the user manual for a more detailed explanation}, preserve=true  aResultDetail=0
00:11:56.300812 nspr-7   Saving settings file "/home/silas/.config/VirtualBox/VirtualBox.xml" with version "1.12-linux"
00:16:49.991389 nspr-2   Saving settings file "/home/silas/.config/VirtualBox/VirtualBox.xml" with version "1.12-linux"
00:16:50.013819 nspr-8   Saving settings file "/home/silas/.config/VirtualBox/VirtualBox.xml" with version "1.12-linux"
00:16:50.063315 nspr-5   Saving settings file "/home/silas/.config/VirtualBox/VirtualBox.xml" with version "1.12-linux"
00:16:50.077138 nspr-7   Saving settings file "/home/silas/.config/VirtualBox/VirtualBox.xml" with version "1.12-linux"
00:17:07.137898 nspr-8   ERROR [COM]: aRC=NS_ERROR_FAILURE (0x80004005) aIID={027bc463-929c-40e8-bf16-fea557cd8e7e} aComponent={SystemPropertiesWrap} aText={Cannot determine default Guest Additions ISO location. Most likely they are not available}, preserve=false aResultDetail=0
00:29:14.701096 nspr-4   WARNING [COM]: aRC=NS_ERROR_FAILURE (0x80004005) aIID={16ced992-5fdc-4aba-aff5-6a39bbd7c38b} aComponent={HostWrap} aText={VirtualBox is not currently allowed to access USB devices.  You can change this by adding your user to the 'vboxusers' group.  Please see the user manual for a more detailed explanation}, preserve=true  aResultDetail=0
00:29:14.987332 nspr-5   WARNING [COM]: aRC=NS_ERROR_FAILURE (0x80004005) aIID={16ced992-5fdc-4aba-aff5-6a39bbd7c38b} aComponent={HostWrap} aText={VirtualBox is not currently allowed to access USB devices.  You can change this by adding your user to the 'vboxusers' group.  Please see the user manual for a more detailed explanation}, preserve=true  aResultDetail=0
00:29:14.988749 nspr-5   WARNING [COM]: aRC=NS_ERROR_FAILURE (0x80004005) aIID={16ced992-5fdc-4aba-aff5-6a39bbd7c38b} aComponent={HostWrap} aText={VirtualBox is not currently allowed to access USB devices.  You can change this by adding your user to the 'vboxusers' group.  Please see the user manual for a more detailed explanation}, preserve=true  aResultDetail=0
00:29:38.338664 nspr-7   WARNING [COM]: aRC=NS_ERROR_FAILURE (0x80004005) aIID={16ced992-5fdc-4aba-aff5-6a39bbd7c38b} aComponent={HostWrap} aText={VirtualBox is not currently allowed to access USB devices.  You can change this by adding your user to the 'vboxusers' group.  Please see the user manual for a more detailed explanation}, preserve=true  aResultDetail=0
00:29:38.342710 nspr-7   WARNING [COM]: aRC=NS_ERROR_FAILURE (0x80004005) aIID={16ced992-5fdc-4aba-aff5-6a39bbd7c38b} aComponent={HostWrap} aText={VirtualBox is not currently allowed to access USB devices.  You can change this by adding your user to the 'vboxusers' group.  Please see the user manual for a more detailed explanation}, preserve=true  aResultDetail=0
00:29:41.263659 nspr-2   Saving settings file "/home/silas/VirtualBox VMs/linux/linux.vbox" with version "1.16-linux"
00:29:41.402944 nspr-7   WARNING [COM]: aRC=NS_ERROR_FAILURE (0x80004005) aIID={16ced992-5fdc-4aba-aff5-6a39bbd7c38b} aComponent={HostWrap} aText={VirtualBox is not currently allowed to access USB devices.  You can change this by adding your user to the 'vboxusers' group.  Please see the user manual for a more detailed explanation}, preserve=true  aResultDetail=0
00:29:41.408940 nspr-7   WARNING [COM]: aRC=NS_ERROR_FAILURE (0x80004005) aIID={16ced992-5fdc-4aba-aff5-6a39bbd7c38b} aComponent={HostWrap} aText={VirtualBox is not currently allowed to access USB devices.  You can change this by adding your user to the 'vboxusers' group.  Please see the user manual for a more detailed explanation}, preserve=true  aResultDetail=0
00:29:42.065329 nspr-4   Saving settings file "/home/silas/VirtualBox VMs/linux/linux.vbox" with version "1.16-linux"
00:29:42.210046 nspr-8   WARNING [COM]: aRC=NS_ERROR_FAILURE (0x80004005) aIID={16ced992-5fdc-4aba-aff5-6a39bbd7c38b} aComponent={HostWrap} aText={VirtualBox is not currently allowed to access USB devices.  You can change this by adding your user to the 'vboxusers' group.  Please see the user manual for a more detailed explanation}, preserve=true  aResultDetail=0
00:29:42.213610 nspr-9   WARNING [COM]: aRC=NS_ERROR_FAILURE (0x80004005) aIID={16ced992-5fdc-4aba-aff5-6a39bbd7c38b} aComponent={HostWrap} aText={VirtualBox is not currently allowed to access USB devices.  You can change this by adding your user to the 'vboxusers' group.  Please see the user manual for a more detailed explanation}, preserve=true  aResultDetail=0
00:29:42.421439 nspr-8   WARNING [COM]: aRC=NS_ERROR_FAILURE (0x80004005) aIID={16ced992-5fdc-4aba-aff5-6a39bbd7c38b} aComponent={HostWrap} aText={VirtualBox is not currently allowed to access USB devices.  You can change this by adding your user to the 'vboxusers' group.  Please see the user manual for a more detailed explanation}, preserve=true  aResultDetail=0
00:29:42.422688 nspr-7   WARNING [COM]: aRC=NS_ERROR_FAILURE (0x80004005) aIID={16ced992-5fdc-4aba-aff5-6a39bbd7c38b} aComponent={HostWrap} aText={VirtualBox is not currently allowed to access USB devices.  You can change this by adding your user to the 'vboxusers' group.  Please see the user manual for a more detailed explanation}, preserve=true  aResultDetail=0
00:29:53.004450 nspr-7   WARNING [COM]: aRC=NS_ERROR_FAILURE (0x80004005) aIID={16ced992-5fdc-4aba-aff5-6a39bbd7c38b} aComponent={HostWrap} aText={VirtualBox is not currently allowed to access USB devices.  You can change this by adding your user to the 'vboxusers' group.  Please see the user manual for a more detailed explanation}, preserve=true  aResultDetail=0
00:29:53.929866 nspr-2   NetIfAdpCtlOut: VBoxNetAdpCtl: Error while retrieving link speed for wlp3s0: VBoxNetAdpCtl: ioctl failed: Operation not supported
00:29:53.937028 nspr-6   NetIfAdpCtlOut: VBoxNetAdpCtl: Error while retrieving link speed for wlp3s0: VBoxNetAdpCtl: ioctl failed: Operation not supported
00:29:53.947967 nspr-9   WARNING [COM]: aRC=NS_ERROR_FAILURE (0x80004005) aIID={16ced992-5fdc-4aba-aff5-6a39bbd7c38b} aComponent={HostWrap} aText={VirtualBox is not currently allowed to access USB devices.  You can change this by adding your user to the 'vboxusers' group.  Please see the user manual for a more detailed explanation}, preserve=true  aResultDetail=0
00:29:53.948449 nspr-8   WARNING [COM]: aRC=NS_ERROR_FAILURE (0x80004005) aIID={16ced992-5fdc-4aba-aff5-6a39bbd7c38b} aComponent={HostWrap} aText={VirtualBox is not currently allowed to access USB devices.  You can change this by adding your user to the 'vboxusers' group.  Please see the user manual for a more detailed explanation}, preserve=true  aResultDetail=0
00:29:54.163064 nspr-8   WARNING [COM]: aRC=NS_ERROR_FAILURE (0x80004005) aIID={16ced992-5fdc-4aba-aff5-6a39bbd7c38b} aComponent={HostWrap} aText={VirtualBox is not currently allowed to access USB devices.  You can change this by adding your user to the 'vboxusers' group.  Please see the user manual for a more detailed explanation}, preserve=true  aResultDetail=0
00:29:54.164190 nspr-5   WARNING [COM]: aRC=NS_ERROR_FAILURE (0x80004005) aIID={16ced992-5fdc-4aba-aff5-6a39bbd7c38b} aComponent={HostWrap} aText={VirtualBox is not currently allowed to access USB devices.  You can change this by adding your user to the 'vboxusers' group.  Please see the user manual for a more detailed explanation}, preserve=true  aResultDetail=0
00:31:40.358854 nspr-9   WARNING [COM]: aRC=NS_ERROR_FAILURE (0x80004005) aIID={16ced992-5fdc-4aba-aff5-6a39bbd7c38b} aComponent={HostWrap} aText={VirtualBox is not currently allowed to access USB devices.  You can change this by adding your user to the 'vboxusers' group.  Please see the user manual for a more detailed explanation}, preserve=true  aResultDetail=0
00:31:40.359890 nspr-4   Saving settings file "/home/silas/VirtualBox VMs/linux/linux.vbox" with version "1.16-linux"
00:31:40.570077 nspr-4   WARNING [COM]: aRC=NS_ERROR_FAILURE (0x80004005) aIID={16ced992-5fdc-4aba-aff5-6a39bbd7c38b} aComponent={HostWrap} aText={VirtualBox is not currently allowed to access USB devices.  You can change this by adding your user to the 'vboxusers' group.  Please see the user manual for a more detailed explanation}, preserve=true  aResultDetail=0
00:31:40.577199 nspr-9   WARNING [COM]: aRC=NS_ERROR_FAILURE (0x80004005) aIID={16ced992-5fdc-4aba-aff5-6a39bbd7c38b} aComponent={HostWrap} aText={VirtualBox is not currently allowed to access USB devices.  You can change this by adding your user to the 'vboxusers' group.  Please see the user manual for a more detailed explanation}, preserve=true  aResultDetail=0
00:31:43.146069 nspr-7   Launched VM: 872429648 pid: 5542 (0x15a6) frontend: GUI/Qt name: linux
00:31:43.330003 nspr-4   WARNING [COM]: aRC=NS_ERROR_FAILURE (0x80004005) aIID={16ced992-5fdc-4aba-aff5-6a39bbd7c38b} aComponent={HostWrap} aText={VirtualBox is not currently allowed to access USB devices.  You can change this by adding your user to the 'vboxusers' group.  Please see the user manual for a more detailed explanation}, preserve=true  aResultDetail=0
00:31:43.337307 nspr-6   WARNING [COM]: aRC=NS_ERROR_FAILURE (0x80004005) aIID={16ced992-5fdc-4aba-aff5-6a39bbd7c38b} aComponent={HostWrap} aText={VirtualBox is not currently allowed to access USB devices.  You can change this by adding your user to the 'vboxusers' group.  Please see the user manual for a more detailed explanation}, preserve=true  aResultDetail=0
00:31:43.529691 nspr-8   WARNING [COM]: aRC=NS_ERROR_FAILURE (0x80004005) aIID={16ced992-5fdc-4aba-aff5-6a39bbd7c38b} aComponent={HostWrap} aText={VirtualBox is not currently allowed to access USB devices.  You can change this by adding your user to the 'vboxusers' group.  Please see the user manual for a more detailed explanation}, preserve=true  aResultDetail=0
00:31:43.530772 nspr-8   WARNING [COM]: aRC=NS_ERROR_FAILURE (0x80004005) aIID={16ced992-5fdc-4aba-aff5-6a39bbd7c38b} aComponent={HostWrap} aText={VirtualBox is not currently allowed to access USB devices.  You can change this by adding your user to the 'vboxusers' group.  Please see the user manual for a more detailed explanation}, preserve=true  aResultDetail=0
00:31:44.339997 nspr-6   WARNING [COM]: aRC=NS_ERROR_FAILURE (0x80004005) aIID={16ced992-5fdc-4aba-aff5-6a39bbd7c38b} aComponent={HostWrap} aText={VirtualBox is not currently allowed to access USB devices.  You can change this by adding your user to the 'vboxusers' group.  Please see the user manual for a more detailed explanation}, preserve=true  aResultDetail=0
00:31:44.341055 nspr-4   WARNING [COM]: aRC=NS_ERROR_FAILURE (0x80004005) aIID={16ced992-5fdc-4aba-aff5-6a39bbd7c38b} aComponent={HostWrap} aText={VirtualBox is not currently allowed to access USB devices.  You can change this by adding your user to the 'vboxusers' group.  Please see the user manual for a more detailed explanation}, preserve=true  aResultDetail=0
00:31:44.341392 nspr-7   ERROR [COM]: aRC=VBOX_E_OBJECT_NOT_FOUND (0x80bb0001) aIID={70401eef-c8e9-466b-9660-45cb3e9979e4} aComponent={ExtPackManagerWrap} aText={No extension pack by the name 'Oracle VM VirtualBox Extension Pack' was found}, preserve=false aResultDetail=0
00:31:44.394733 nspr-8   WARNING [COM]: aRC=NS_ERROR_FAILURE (0x80004005) aIID={16ced992-5fdc-4aba-aff5-6a39bbd7c38b} aComponent={HostWrap} aText={VirtualBox is not currently allowed to access USB devices.  You can change this by adding your user to the 'vboxusers' group.  Please see the user manual for a more detailed explanation}, preserve=true  aResultDetail=0
00:31:44.396026 nspr-8   WARNING [COM]: aRC=NS_ERROR_FAILURE (0x80004005) aIID={16ced992-5fdc-4aba-aff5-6a39bbd7c38b} aComponent={HostWrap} aText={VirtualBox is not currently allowed to access USB devices.  You can change this by adding your user to the 'vboxusers' group.  Please see the user manual for a more detailed explanation}, preserve=true  aResultDetail=0
00:31:44.424801 nspr-7   ERROR [COM]: aRC=VBOX_E_IPRT_ERROR (0x80bb0005) aIID={85632c68-b5bb-4316-a900-5eb28d3413df} aComponent={SessionMachine} aText={Saved screenshot data is not available (VERR_NOT_SUPPORTED)}, preserve=false aResultDetail=-37
00:31:44.445709 nspr-9   NetIfAdpCtlOut: VBoxNetAdpCtl: Error while retrieving link speed for wlp3s0: VBoxNetAdpCtl: ioctl failed: Operation not supported
00:31:44.575511 nspr-3   WARNING [COM]: aRC=NS_ERROR_FAILURE (0x80004005) aIID={16ced992-5fdc-4aba-aff5-6a39bbd7c38b} aComponent={HostWrap} aText={VirtualBox is not currently allowed to access USB devices.  You can change this by adding your user to the 'vboxusers' group.  Please see the user manual for a more detailed explanation}, preserve=true  aResultDetail=0
00:31:44.678276 nspr-8   WARNING [COM]: aRC=NS_ERROR_FAILURE (0x80004005) aIID={16ced992-5fdc-4aba-aff5-6a39bbd7c38b} aComponent={HostWrap} aText={VirtualBox is not currently allowed to access USB devices.  You can change this by adding your user to the 'vboxusers' group.  Please see the user manual for a more detailed explanation}, preserve=true  aResultDetail=0
00:31:44.682742 nspr-7   WARNING [COM]: aRC=NS_ERROR_FAILURE (0x80004005) aIID={16ced992-5fdc-4aba-aff5-6a39bbd7c38b} aComponent={HostWrap} aText={VirtualBox is not currently allowed to access USB devices.  You can change this by adding your user to the 'vboxusers' group.  Please see the user manual for a more detailed explanation}, preserve=true  aResultDetail=0
00:31:45.784277 nspr-2   WARNING [COM]: aRC=NS_ERROR_FAILURE (0x80004005) aIID={16ced992-5fdc-4aba-aff5-6a39bbd7c38b} aComponent={HostWrap} aText={VirtualBox is not currently allowed to access USB devices.  You can change this by adding your user to the 'vboxusers' group.  Please see the user manual for a more detailed explanation}, preserve=true  aResultDetail=0
00:31:45.790092 nspr-9   WARNING [COM]: aRC=NS_ERROR_FAILURE (0x80004005) aIID={16ced992-5fdc-4aba-aff5-6a39bbd7c38b} aComponent={HostWrap} aText={VirtualBox is not currently allowed to access USB devices.  You can change this by adding your user to the 'vboxusers' group.  Please see the user manual for a more detailed explanation}, preserve=true  aResultDetail=0
00:33:04.104237 nspr-4   WARNING [COM]: aRC=NS_ERROR_FAILURE (0x80004005) aIID={16ced992-5fdc-4aba-aff5-6a39bbd7c38b} aComponent={HostWrap} aText={VirtualBox is not currently allowed to access USB devices.  You can change this by adding your user to the 'vboxusers' group.  Please see the user manual for a more detailed explanation}, preserve=true  aResultDetail=0
00:33:04.108481 nspr-3   WARNING [COM]: aRC=NS_ERROR_FAILURE (0x80004005) aIID={16ced992-5fdc-4aba-aff5-6a39bbd7c38b} aComponent={HostWrap} aText={VirtualBox is not currently allowed to access USB devices.  You can change this by adding your user to the 'vboxusers' group.  Please see the user manual for a more detailed explanation}, preserve=true  aResultDetail=0
00:33:05.734444 nspr-6   Saving settings file "/home/silas/VirtualBox VMs/linux/linux.vbox" with version "1.16-linux"
00:33:05.823296 nspr-9   WARNING [COM]: aRC=NS_ERROR_FAILURE (0x80004005) aIID={16ced992-5fdc-4aba-aff5-6a39bbd7c38b} aComponent={HostWrap} aText={VirtualBox is not currently allowed to access USB devices.  You can change this by adding your user to the 'vboxusers' group.  Please see the user manual for a more detailed explanation}, preserve=true  aResultDetail=0
00:33:05.824409 nspr-9   WARNING [COM]: aRC=NS_ERROR_FAILURE (0x80004005) aIID={16ced992-5fdc-4aba-aff5-6a39bbd7c38b} aComponent={HostWrap} aText={VirtualBox is not currently allowed to access USB devices.  You can change this by adding your user to the 'vboxusers' group.  Please see the user manual for a more detailed explanation}, preserve=true  aResultDetail=0
00:33:06.423736 nspr-2   Saving settings file "/home/silas/VirtualBox VMs/linux/linux.vbox" with version "1.16-linux"
00:33:06.525665 nspr-7   WARNING [COM]: aRC=NS_ERROR_FAILURE (0x80004005) aIID={16ced992-5fdc-4aba-aff5-6a39bbd7c38b} aComponent={HostWrap} aText={VirtualBox is not currently allowed to access USB devices.  You can change this by adding your user to the 'vboxusers' group.  Please see the user manual for a more detailed explanation}, preserve=true  aResultDetail=0
00:33:06.532768 nspr-8   WARNING [COM]: aRC=NS_ERROR_FAILURE (0x80004005) aIID={16ced992-5fdc-4aba-aff5-6a39bbd7c38b} aComponent={HostWrap} aText={VirtualBox is not currently allowed to access USB devices.  You can change this by adding your user to the 'vboxusers' group.  Please see the user manual for a more detailed explanation}, preserve=true  aResultDetail=0
00:33:06.945569 nspr-8   WARNING [COM]: aRC=NS_ERROR_FAILURE (0x80004005) aIID={16ced992-5fdc-4aba-aff5-6a39bbd7c38b} aComponent={HostWrap} aText={VirtualBox is not currently allowed to access USB devices.  You can change this by adding your user to the 'vboxusers' group.  Please see the user manual for a more detailed explanation}, preserve=true  aResultDetail=0
00:33:06.949848 nspr-5   WARNING [COM]: aRC=NS_ERROR_FAILURE (0x80004005) aIID={16ced992-5fdc-4aba-aff5-6a39bbd7c38b} aComponent={HostWrap} aText={VirtualBox is not currently allowed to access USB devices.  You can change this by adding your user to the 'vboxusers' group.  Please see the user manual for a more detailed explanation}, preserve=true  aResultDetail=0
00:34:50.540994 nspr-7   Saving settings file "/home/silas/.config/VirtualBox/VirtualBox.xml" with version "1.12-linux"
00:34:50.593570 nspr-5   Saving settings file "/home/silas/.config/VirtualBox/VirtualBox.xml" with version "1.12-linux"
00:34:50.609173 nspr-3   Saving settings file "/home/silas/.config/VirtualBox/VirtualBox.xml" with version "1.12-linux"
00:34:56.142431 main     VirtualBox: object deletion starts
00:34:56.142535 main     ERROR [COM]: aRC=VBOX_E_OBJECT_IN_USE (0x80bb000c) aIID={ad47ad09-787b-44ab-b343-a082a3f2dfb1} aComponent={MediumWrap} aText={Medium '/home/silas/VirtualBox VMs/win 10/win 10.vdi' cannot be closed because it is still attached to 1 virtual machines}, preserve=false aResultDetail=0
00:34:56.142844 main     ERROR [COM]: aRC=VBOX_E_OBJECT_IN_USE (0x80bb000c) aIID={ad47ad09-787b-44ab-b343-a082a3f2dfb1} aComponent={MediumWrap} aText={Medium '/home/silas/VirtualBox VMs/linux/linux.vdi' cannot be closed because it is still attached to 1 virtual machines}, preserve=false aResultDetail=0
00:34:56.143074 main     ERROR [COM]: aRC=VBOX_E_OBJECT_IN_USE (0x80bb000c) aIID={ad47ad09-787b-44ab-b343-a082a3f2dfb1} aComponent={MediumWrap} aText={Medium '/home/silas/VirtualBox VMs/arch/arch.vdi' cannot be closed because it is still attached to 1 virtual machines}, preserve=false aResultDetail=0
00:34:56.143785 main     HostDnsMonitor: shutting down ...
00:34:56.151417 main     HostDnsMonitor: shut down
00:34:56.307180 Watcher  ERROR [COM]: aRC=E_ACCESSDENIED (0x80070005) aIID={d0a0163f-e254-4e5b-a1f2-011cf991c38d} aComponent={VirtualBoxWrap} aText={The object is not ready}, preserve=false aResultDetail=0
00:35:01.151879 main     {00007f9838016280} HostPowerServiceLinux::~HostPowerServiceLinux: RTThreadWait() for 5000 ms failed with VERR_TIMEOUT
00:35:01.152539 main     VirtualBox: object deleted
